# JRE version: Java(TM) SE Runtime Environment (17.0.8+9) (build 17.0.8+9-LTS-211)
# Java VM: Java HotSpot(TM) 64-Bit Server VM (17.0.8+9-LTS-211, mixed mode, sharing, tiered, compressed oops, compressed class ptrs, g1 gc, windows-amd64)
GC Precious Log:
 CPUs: 4 total, 4 available
 Memory: 8120M
 Large Page Support: Disabled
 NUMA Support: Disabled
 Compressed Oops: Enabled (32-bit)
 Heap Region Size: 1M
 Heap Min Capacity: 8M
 Heap Initial Capacity: 128M
 Heap Max Capacity: 2032M
 Pre-touch: Disabled
 Parallel Workers: 4
 Concurrent Workers: 1
 Concurrent Refinement Workers: 4
 Periodic GC: Disabled
Heap:
 garbage-first heap   total 131072K, used 64422K [0x0000000081000000, 0x0000000100000000)
  region size 1024K, 1 young (1024K), 1 survivors (1024K)
 Metaspace       used 33687K, committed 34112K, reserved 1114112K
  class space    used 3631K, committed 3840K, reserved 1048576K
GC Heap History (20 events):
Event: 17.627 GC heap after
{Heap after GC invocations=20 (full 0):
 garbage-first heap   total 110592K, used 50176K [0x0000000081000000, 0x0000000100000000)
  region size 1024K, 5 young (5120K), 5 survivors (5120K)
 Metaspace       used 30405K, committed 30784K, reserved 1114112K
  class space    used 3403K, committed 3584K, reserved 1048576K
}
Event: 18.194 GC heap before
{Heap before GC invocations=20 (full 0):
 garbage-first heap   total 110592K, used 81920K [0x0000000081000000, 0x0000000100000000)
  region size 1024K, 34 young (34816K), 5 survivors (5120K)
 Metaspace       used 30573K, committed 30912K, reserved 1114112K
  class space    used 3411K, committed 3584K, reserved 1048576K
}
Event: 18.214 GC heap after
{Heap after GC invocations=21 (full 0):
 garbage-first heap   total 110592K, used 56980K [0x0000000081000000, 0x0000000100000000)
  region size 1024K, 5 young (5120K), 5 survivors (5120K)
 Metaspace       used 30573K, committed 30912K, reserved 1114112K
  class space    used 3411K, committed 3584K, reserved 1048576K
}
Event: 19.567 GC heap before
{Heap before GC invocations=21 (full 0):
 garbage-first heap   total 110592K, used 82580K [0x0000000081000000, 0x0000000100000000)
  region size 1024K, 30 young (30720K), 5 survivors (5120K)
 Metaspace       used 32441K, committed 32832K, reserved 1114112K
  class space    used 3594K, committed 3776K, reserved 1048576K
}
Event: 19.582 GC heap after
{Heap after GC invocations=22 (full 0):
 garbage-first heap   total 110592K, used 60273K [0x0000000081000000, 0x0000000100000000)
  region size 1024K, 3 young (3072K), 3 survivors (3072K)
 Metaspace       used 32441K, committed 32832K, reserved 1114112K
  class space    used 3594K, committed 3776K, reserved 1048576K
}
Event: 23.183 GC heap before
{Heap before GC invocations=23 (full 0):
 garbage-first heap   total 110592K, used 84849K [0x0000000081000000, 0x0000000100000000)
  region size 1024K, 27 young (27648K), 3 survivors (3072K)
 Metaspace       used 32991K, committed 33408K, reserved 1114112K
  class space    used 3606K, committed 3776K, reserved 1048576K
}
Event: 23.192 GC heap after
{Heap after GC invocations=24 (full 0):
 garbage-first heap   total 110592K, used 61477K [0x0000000081000000, 0x0000000100000000)
  region size 1024K, 2 young (2048K), 2 survivors (2048K)
 Metaspace       used 32991K, committed 33408K, reserved 1114112K
  class space    used 3606K, committed 3776K, reserved 1048576K
}
Event: 24.379 GC heap before
{Heap before GC invocations=24 (full 0):
 garbage-first heap   total 110592K, used 86053K [0x0000000081000000, 0x0000000100000000)
  region size 1024K, 26 young (26624K), 2 survivors (2048K)
 Metaspace       used 33306K, committed 33664K, reserved 1114112K
  class space    used 3617K, committed 3776K, reserved 1048576K
}
Event: 24.385 GC heap after
{Heap after GC invocations=25 (full 0):
 garbage-first heap   total 110592K, used 61940K [0x0000000081000000, 0x0000000100000000)
  region size 1024K, 2 young (2048K), 2 survivors (2048K)
 Metaspace       used 33306K, committed 33664K, reserved 1114112K
  class space    used 3617K, committed 3776K, reserved 1048576K
}
Event: 25.548 GC heap before
{Heap before GC invocations=26 (full 0):
 garbage-first heap   total 110592K, used 88564K [0x0000000081000000, 0x0000000100000000)
  region size 1024K, 28 young (28672K), 2 survivors (2048K)
 Metaspace       used 33452K, committed 33920K, reserved 1114112K
  class space    used 3622K, committed 3840K, reserved 1048576K
}
Event: 25.555 GC heap after
{Heap after GC invocations=27 (full 0):
 garbage-first heap   total 110592K, used 62871K [0x0000000081000000, 0x0000000100000000)
  region size 1024K, 3 young (3072K), 3 survivors (3072K)
 Metaspace       used 33452K, committed 33920K, reserved 1114112K
  class space    used 3622K, committed 3840K, reserved 1048576K
}
Event: 25.868 GC heap before
{Heap before GC invocations=27 (full 0):
 garbage-first heap   total 110592K, used 64919K [0x0000000081000000, 0x0000000100000000)
  region size 1024K, 5 young (5120K), 3 survivors (3072K)
 Metaspace       used 33456K, committed 33920K, reserved 1114112K
  class space    used 3622K, committed 3840K, reserved 1048576K
}
Event: 25.875 GC heap after
{Heap after GC invocations=28 (full 0):
 garbage-first heap   total 110592K, used 62479K [0x0000000081000000, 0x0000000100000000)
  region size 1024K, 1 young (1024K), 1 survivors (1024K)
 Metaspace       used 33456K, committed 33920K, reserved 1114112K
  class space    used 3622K, committed 3840K, reserved 1048576K
}
Event: 27.175 GC heap before
{Heap before GC invocations=28 (full 0):
 garbage-first heap   total 110592K, used 89103K [0x0000000081000000, 0x0000000100000000)
  region size 1024K, 27 young (27648K), 1 survivors (1024K)
 Metaspace       used 33518K, committed 33984K, reserved 1114112K
  class space    used 3623K, committed 3840K, reserved 1048576K
}
Event: 27.180 GC heap after
{Heap after GC invocations=29 (full 0):
 garbage-first heap   total 110592K, used 62894K [0x0000000081000000, 0x0000000100000000)
  region size 1024K, 1 young (1024K), 1 survivors (1024K)
 Metaspace       used 33518K, committed 33984K, reserved 1114112K
  class space    used 3623K, committed 3840K, reserved 1048576K
}
Event: 28.772 GC heap before
{Heap before GC invocations=30 (full 0):
 garbage-first heap   total 110592K, used 90542K [0x0000000081000000, 0x0000000100000000)
  region size 1024K, 28 young (28672K), 1 survivors (1024K)
 Metaspace       used 33628K, committed 34048K, reserved 1114112K
  class space    used 3623K, committed 3840K, reserved 1048576K
}
Event: 28.778 GC heap after
{Heap after GC invocations=31 (full 0):
 garbage-first heap   total 110592K, used 63840K [0x0000000081000000, 0x0000000100000000)
  region size 1024K, 2 young (2048K), 2 survivors (2048K)
 Metaspace       used 33628K, committed 34048K, reserved 1114112K
  class space    used 3623K, committed 3840K, reserved 1048576K
}
Event: 28.858 GC heap before
{Heap before GC invocations=31 (full 0):
 garbage-first heap   total 110592K, used 66912K [0x0000000081000000, 0x0000000100000000)
  region size 1024K, 5 young (5120K), 2 survivors (2048K)
 Metaspace       used 33628K, committed 34048K, reserved 1114112K
  class space    used 3623K, committed 3840K, reserved 1048576K
}
Event: 28.864 GC heap after
{Heap after GC invocations=32 (full 0):
 garbage-first heap   total 110592K, used 63722K [0x0000000081000000, 0x0000000100000000)
  region size 1024K, 1 young (1024K), 1 survivors (1024K)
 Metaspace       used 33628K, committed 34048K, reserved 1114112K
  class space    used 3623K, committed 3840K, reserved 1048576K
}
Event: 30.323 GC heap before
{Heap before GC invocations=32 (full 0):
 garbage-first heap   total 110592K, used 91370K [0x0000000081000000, 0x0000000100000000)
  region size 1024K, 28 young (28672K), 1 survivors (1024K)
 Metaspace       used 33687K, committed 34112K, reserved 1114112K
  class space    used 3631K, committed 3840K, reserved 1048576K
}

