# JRE version: Java(TM) SE Runtime Environment (17.0.8+9) (build 17.0.8+9-LTS-211)
# Java VM: Java HotSpot(TM) 64-Bit Server VM (17.0.8+9-LTS-211, mixed mode, sharing, tiered, compressed oops, compressed class ptrs, g1 gc, windows-amd64)
GC Precious Log:
 CPUs: 4 total, 4 available
 Memory: 8120M
 Large Page Support: Disabled
 NUMA Support: Disabled
 Compressed Oops: Enabled (32-bit)
 Heap Region Size: 1M
 Heap Min Capacity: 8M
 Heap Initial Capacity: 128M
 Heap Max Capacity: 2032M
 Pre-touch: Disabled
 Parallel Workers: 4
 Concurrent Workers: 1
 Concurrent Refinement Workers: 4
 Periodic GC: Disabled
Heap:
 garbage-first heap   total 222208K, used 105472K [0x0000000081000000, 0x0000000100000000)
  region size 1024K, 2 young (2048K), 2 survivors (2048K)
 Metaspace       used 37973K, committed 38464K, reserved 1114112K
  class space    used 4022K, committed 4224K, reserved 1048576K
GC Heap History (20 events):
Event: 34.964 GC heap after
{Heap after GC invocations=32 (full 0):
 garbage-first heap   total 208896K, used 63497K [0x0000000081000000, 0x0000000100000000)
  region size 1024K, 1 young (1024K), 1 survivors (1024K)
 Metaspace       used 33870K, committed 34240K, reserved 1114112K
  class space    used 3644K, committed 3840K, reserved 1048576K
}
Event: 44.432 GC heap before
{Heap before GC invocations=32 (full 0):
 garbage-first heap   total 208896K, used 158729K [0x0000000081000000, 0x0000000100000000)
  region size 1024K, 94 young (96256K), 1 survivors (1024K)
 Metaspace       used 34206K, committed 34560K, reserved 1114112K
  class space    used 3668K, committed 3840K, reserved 1048576K
}
Event: 44.437 GC heap after
{Heap after GC invocations=33 (full 0):
 garbage-first heap   total 208896K, used 65461K [0x0000000081000000, 0x0000000100000000)
  region size 1024K, 3 young (3072K), 3 survivors (3072K)
 Metaspace       used 34206K, committed 34560K, reserved 1114112K
  class space    used 3668K, committed 3840K, reserved 1048576K
}
Event: 46.673 GC heap before
{Heap before GC invocations=33 (full 0):
 garbage-first heap   total 208896K, used 162741K [0x0000000081000000, 0x0000000100000000)
  region size 1024K, 98 young (100352K), 3 survivors (3072K)
 Metaspace       used 34297K, committed 34688K, reserved 1114112K
  class space    used 3671K, committed 3840K, reserved 1048576K
}
Event: 46.677 GC heap after
{Heap after GC invocations=34 (full 0):
 garbage-first heap   total 208896K, used 66500K [0x0000000081000000, 0x0000000100000000)
  region size 1024K, 4 young (4096K), 4 survivors (4096K)
 Metaspace       used 34297K, committed 34688K, reserved 1114112K
  class space    used 3671K, committed 3840K, reserved 1048576K
}
Event: 57.408 GC heap before
{Heap before GC invocations=34 (full 0):
 garbage-first heap   total 208896K, used 155588K [0x0000000081000000, 0x0000000100000000)
  region size 1024K, 92 young (94208K), 4 survivors (4096K)
 Metaspace       used 37811K, committed 38144K, reserved 1114112K
  class space    used 4015K, committed 4160K, reserved 1048576K
}
Event: 57.419 GC heap after
{Heap after GC invocations=35 (full 0):
 garbage-first heap   total 208896K, used 72784K [0x0000000081000000, 0x0000000100000000)
  region size 1024K, 10 young (10240K), 10 survivors (10240K)
 Metaspace       used 37811K, committed 38144K, reserved 1114112K
  class space    used 4015K, committed 4160K, reserved 1048576K
}
Event: 58.952 GC heap before
{Heap before GC invocations=36 (full 0):
 garbage-first heap   total 208896K, used 170064K [0x0000000081000000, 0x0000000100000000)
  region size 1024K, 102 young (104448K), 10 survivors (10240K)
 Metaspace       used 37892K, committed 38336K, reserved 1114112K
  class space    used 4019K, committed 4224K, reserved 1048576K
}
Event: 58.977 GC heap after
{Heap after GC invocations=37 (full 0):
 garbage-first heap   total 208896K, used 99286K [0x0000000081000000, 0x0000000100000000)
  region size 1024K, 13 young (13312K), 13 survivors (13312K)
 Metaspace       used 37892K, committed 38336K, reserved 1114112K
  class space    used 4019K, committed 4224K, reserved 1048576K
}
Event: 59.009 GC heap before
{Heap before GC invocations=37 (full 0):
 garbage-first heap   total 208896K, used 100310K [0x0000000081000000, 0x0000000100000000)
  region size 1024K, 14 young (14336K), 13 survivors (13312K)
 Metaspace       used 37892K, committed 38336K, reserved 1114112K
  class space    used 4019K, committed 4224K, reserved 1048576K
}
Event: 59.018 GC heap after
{Heap after GC invocations=38 (full 0):
 garbage-first heap   total 208896K, used 100864K [0x0000000081000000, 0x0000000100000000)
  region size 1024K, 2 young (2048K), 2 survivors (2048K)
 Metaspace       used 37892K, committed 38336K, reserved 1114112K
  class space    used 4019K, committed 4224K, reserved 1048576K
}
Event: 59.843 GC heap before
{Heap before GC invocations=38 (full 0):
 garbage-first heap   total 208896K, used 162304K [0x0000000081000000, 0x0000000100000000)
  region size 1024K, 62 young (63488K), 2 survivors (2048K)
 Metaspace       used 37898K, committed 38336K, reserved 1114112K
  class space    used 4019K, committed 4224K, reserved 1048576K
}
Event: 59.855 GC heap after
{Heap after GC invocations=39 (full 0):
 garbage-first heap   total 208896K, used 114688K [0x0000000081000000, 0x0000000100000000)
  region size 1024K, 8 young (8192K), 8 survivors (8192K)
 Metaspace       used 37898K, committed 38336K, reserved 1114112K
  class space    used 4019K, committed 4224K, reserved 1048576K
}
Event: 60.496 GC heap before
{Heap before GC invocations=39 (full 0):
 garbage-first heap   total 208896K, used 129024K [0x0000000081000000, 0x0000000100000000)
  region size 1024K, 23 young (23552K), 8 survivors (8192K)
 Metaspace       used 37929K, committed 38336K, reserved 1114112K
  class space    used 4021K, committed 4224K, reserved 1048576K
}
Event: 60.506 GC heap after
{Heap after GC invocations=40 (full 0):
 garbage-first heap   total 208896K, used 119968K [0x0000000081000000, 0x0000000100000000)
  region size 1024K, 5 young (5120K), 5 survivors (5120K)
 Metaspace       used 37929K, committed 38336K, reserved 1114112K
  class space    used 4021K, committed 4224K, reserved 1048576K
}
Event: 62.743 GC heap before
{Heap before GC invocations=41 (full 0):
 garbage-first heap   total 208896K, used 161952K [0x0000000081000000, 0x0000000100000000)
  region size 1024K, 47 young (48128K), 5 survivors (5120K)
 Metaspace       used 37965K, committed 38400K, reserved 1114112K
  class space    used 4022K, committed 4224K, reserved 1048576K
}
Event: 62.758 GC heap after
{Heap after GC invocations=42 (full 0):
 garbage-first heap   total 208896K, used 127756K [0x0000000081000000, 0x0000000100000000)
  region size 1024K, 6 young (6144K), 6 survivors (6144K)
 Metaspace       used 37965K, committed 38400K, reserved 1114112K
  class space    used 4022K, committed 4224K, reserved 1048576K
}
Event: 62.831 GC heap before
{Heap before GC invocations=42 (full 0):
 garbage-first heap   total 208896K, used 131852K [0x0000000081000000, 0x0000000100000000)
  region size 1024K, 10 young (10240K), 6 survivors (6144K)
 Metaspace       used 37967K, committed 38400K, reserved 1114112K
  class space    used 4022K, committed 4224K, reserved 1048576K
}
Event: 62.840 GC heap after
{Heap after GC invocations=43 (full 0):
 garbage-first heap   total 208896K, used 110279K [0x0000000081000000, 0x0000000100000000)
  region size 1024K, 1 young (1024K), 1 survivors (1024K)
 Metaspace       used 37967K, committed 38400K, reserved 1114112K
  class space    used 4022K, committed 4224K, reserved 1048576K
}
Event: 63.149 GC heap before
{Heap before GC invocations=43 (full 0):
 garbage-first heap   total 208896K, used 119495K [0x0000000081000000, 0x0000000100000000)
  region size 1024K, 10 young (10240K), 1 survivors (1024K)
 Metaspace       used 37973K, committed 38464K, reserved 1114112K
  class space    used 4022K, committed 4224K, reserved 1048576K
}

